<?xml version="1.0" encoding="UTF-8"?>
<!-- Generated by org.testng.reporters.JUnitXMLReporter -->
<testsuite ignored="0" hostname="DESKTOP-PTHTCDU" failures="0" tests="3" name="DataDriverTesting" time="54.955" errors="0" timestamp="2025-05-27T10:39:22 IST">
  <testcase classname="testCases.LoginWithDDT" name="loginDDT" time="14.988"/>
  <testcase classname="testCases.LoginWithDDT" name="loginDDT" time="2.368"/>
  <testcase classname="testCases.LoginWithDDT" name="loginDDT" time="14.174"/>
</testsuite> <!-- DataDriverTesting -->
