<?xml version="1.0" encoding="UTF-8"?>
<testng-results ignored="0" total="3" passed="3" failed="0" skipped="0">
  <reporter-output>
  </reporter-output>
  <suite started-at="2025-05-27T10:38:27 IST" name="AutomationSuite" finished-at="2025-05-27T10:39:22 IST" duration-ms="54955">
    <groups>
    </groups>
    <test started-at="2025-05-27T10:38:27 IST" name="DataDriverTesting" finished-at="2025-05-27T10:39:22 IST" duration-ms="54955">
      <class name="testCases.LoginWithDDT">
        <test-method is-config="true" signature="setupSuite()[pri:0, instance:testCases.LoginWithDDT@5f9b2141]" started-at="2025-05-27T10:38:27 IST" name="setupSuite" finished-at="2025-05-27T10:38:27 IST" duration-ms="41" status="PASS">
          <reporter-output>
          </reporter-output>
        </test-method> <!-- setupSuite -->
        <test-method is-config="true" signature="beforeTestMethod()[pri:0, instance:testCases.LoginWithDDT@5f9b2141]" started-at="2025-05-27T10:38:27 IST" name="beforeTestMethod" finished-at="2025-05-27T10:38:27 IST" duration-ms="333" status="PASS">
          <reporter-output>
          </reporter-output>
        </test-method> <!-- beforeTestMethod -->
        <test-method is-config="true" signature="beforeMethod(java.lang.String)[pri:0, instance:testCases.LoginWithDDT@5f9b2141]" started-at="2025-05-27T10:38:27 IST" name="beforeMethod" finished-at="2025-05-27T10:38:36 IST" duration-ms="8893" status="PASS">
          <params>
            <param index="0">
              <value>
                <![CDATA[chrome]]>
              </value>
            </param>
          </params>
          <reporter-output>
          </reporter-output>
        </test-method> <!-- beforeMethod -->
        <test-method signature="loginDDT(java.lang.String,java.lang.String,java.lang.String,int)[pri:0, instance:testCases.LoginWithDDT@5f9b2141]" started-at="2025-05-27T10:38:36 IST" name="loginDDT" data-provider="LoginData" finished-at="2025-05-27T10:38:51 IST" duration-ms="14988" status="PASS">
          <params>
            <param index="0">
              <value>
                <![CDATA[mngr623591]]>
              </value>
            </param>
            <param index="1">
              <value>
                <![CDATA[agAhEpy]]>
              </value>
            </param>
            <param index="2">
              <value>
                <![CDATA[Success]]>
              </value>
            </param>
            <param index="3">
              <value>
                <![CDATA[0]]>
              </value>
            </param>
          </params>
          <reporter-output>
          </reporter-output>
        </test-method> <!-- loginDDT -->
        <test-method is-config="true" signature="afterMethod(org.testng.ITestResult)[pri:0, instance:testCases.LoginWithDDT@5f9b2141]" started-at="2025-05-27T10:38:51 IST" name="afterMethod" finished-at="2025-05-27T10:38:52 IST" duration-ms="453" status="PASS">
          <params>
            <param index="0">
              <value>
                <![CDATA[[TestResult name=loginDDT status=SUCCESS method=LoginWithDDT.loginDDT(java.lang.String,java.lang.String,java.lang.String,int)[pri:0, instance:testCases.LoginWithDDT@5f9b2141] output={null}]]]>
              </value>
            </param>
          </params>
          <reporter-output>
          </reporter-output>
        </test-method> <!-- afterMethod -->
        <test-method is-config="true" signature="beforeMethod(java.lang.String)[pri:0, instance:testCases.LoginWithDDT@5f9b2141]" started-at="2025-05-27T10:38:52 IST" name="beforeMethod" finished-at="2025-05-27T10:39:00 IST" duration-ms="8543" status="PASS">
          <params>
            <param index="0">
              <value>
                <![CDATA[chrome]]>
              </value>
            </param>
          </params>
          <reporter-output>
          </reporter-output>
        </test-method> <!-- beforeMethod -->
        <test-method signature="loginDDT(java.lang.String,java.lang.String,java.lang.String,int)[pri:0, instance:testCases.LoginWithDDT@5f9b2141]" started-at="2025-05-27T10:39:00 IST" name="loginDDT" data-provider="LoginData" finished-at="2025-05-27T10:39:02 IST" duration-ms="2368" status="PASS">
          <params>
            <param index="0">
              <value>
                <![CDATA[mngr83460]]>
              </value>
            </param>
            <param index="1">
              <value>
                <![CDATA[qAbUzyj]]>
              </value>
            </param>
            <param index="2">
              <value>
                <![CDATA[Failure]]>
              </value>
            </param>
            <param index="3">
              <value>
                <![CDATA[1]]>
              </value>
            </param>
          </params>
          <reporter-output>
          </reporter-output>
        </test-method> <!-- loginDDT -->
        <test-method is-config="true" signature="afterMethod(org.testng.ITestResult)[pri:0, instance:testCases.LoginWithDDT@5f9b2141]" started-at="2025-05-27T10:39:02 IST" name="afterMethod" finished-at="2025-05-27T10:39:03 IST" duration-ms="270" status="PASS">
          <params>
            <param index="0">
              <value>
                <![CDATA[[TestResult name=loginDDT status=SUCCESS method=LoginWithDDT.loginDDT(java.lang.String,java.lang.String,java.lang.String,int)[pri:0, instance:testCases.LoginWithDDT@5f9b2141] output={null}]]]>
              </value>
            </param>
          </params>
          <reporter-output>
          </reporter-output>
        </test-method> <!-- afterMethod -->
        <test-method is-config="true" signature="beforeMethod(java.lang.String)[pri:0, instance:testCases.LoginWithDDT@5f9b2141]" started-at="2025-05-27T10:39:03 IST" name="beforeMethod" finished-at="2025-05-27T10:39:07 IST" duration-ms="3984" status="PASS">
          <params>
            <param index="0">
              <value>
                <![CDATA[chrome]]>
              </value>
            </param>
          </params>
          <reporter-output>
          </reporter-output>
        </test-method> <!-- beforeMethod -->
        <test-method signature="loginDDT(java.lang.String,java.lang.String,java.lang.String,int)[pri:0, instance:testCases.LoginWithDDT@5f9b2141]" started-at="2025-05-27T10:39:07 IST" name="loginDDT" data-provider="LoginData" finished-at="2025-05-27T10:39:21 IST" duration-ms="14174" status="PASS">
          <params>
            <param index="0">
              <value>
                <![CDATA[mngr623244]]>
              </value>
            </param>
            <param index="1">
              <value>
                <![CDATA[ymYnebE]]>
              </value>
            </param>
            <param index="2">
              <value>
                <![CDATA[Success]]>
              </value>
            </param>
            <param index="3">
              <value>
                <![CDATA[2]]>
              </value>
            </param>
          </params>
          <reporter-output>
          </reporter-output>
        </test-method> <!-- loginDDT -->
        <test-method is-config="true" signature="afterMethod(org.testng.ITestResult)[pri:0, instance:testCases.LoginWithDDT@5f9b2141]" started-at="2025-05-27T10:39:21 IST" name="afterMethod" finished-at="2025-05-27T10:39:21 IST" duration-ms="307" status="PASS">
          <params>
            <param index="0">
              <value>
                <![CDATA[[TestResult name=loginDDT status=SUCCESS method=LoginWithDDT.loginDDT(java.lang.String,java.lang.String,java.lang.String,int)[pri:0, instance:testCases.LoginWithDDT@5f9b2141] output={null}]]]>
              </value>
            </param>
          </params>
          <reporter-output>
          </reporter-output>
        </test-method> <!-- afterMethod -->
        <test-method is-config="true" signature="teardown()[pri:0, instance:testCases.LoginWithDDT@5f9b2141]" started-at="2025-05-27T10:39:21 IST" name="teardown" finished-at="2025-05-27T10:39:21 IST" duration-ms="0" status="PASS">
          <reporter-output>
          </reporter-output>
        </test-method> <!-- teardown -->
        <test-method is-config="true" signature="afterTest()[pri:0, instance:testCases.LoginWithDDT@5f9b2141]" started-at="2025-05-27T10:39:21 IST" name="afterTest" finished-at="2025-05-27T10:39:22 IST" duration-ms="560" status="PASS">
          <reporter-output>
          </reporter-output>
        </test-method> <!-- afterTest -->
        <test-method is-config="true" signature="tearDownSuite()[pri:0, instance:testCases.LoginWithDDT@5f9b2141]" started-at="2025-05-27T10:39:22 IST" name="tearDownSuite" finished-at="2025-05-27T10:39:22 IST" duration-ms="7" status="PASS">
          <reporter-output>
          </reporter-output>
        </test-method> <!-- tearDownSuite -->
      </class> <!-- testCases.LoginWithDDT -->
    </test> <!-- DataDriverTesting -->
  </suite> <!-- AutomationSuite -->
</testng-results>
